<?xml version="1.0" encoding="UTF-8"?>
<testng-results ignored="0" total="4" passed="3" failed="1" skipped="0">
  <reporter-output>
  </reporter-output>
  <suite started-at="2022-07-19T14:20:55 IST" name="Suite" finished-at="2022-07-19T14:22:11 IST" duration-ms="75976">
    <groups>
    </groups>
    <test started-at="2022-07-19T14:20:55 IST" name="Validating title in the Page" finished-at="2022-07-19T14:21:36 IST" duration-ms="41402">
      <class name="Academy.ValidateTitle">
        <test-method is-config="true" signature="initialize()[pri:0, instance:Academy.ValidateTitle@72a85671]" started-at="2022-07-19T14:20:55 IST" name="initialize" finished-at="2022-07-19T14:21:35 IST" duration-ms="40074" status="PASS">
          <reporter-output>
          </reporter-output>
        </test-method> <!-- initialize -->
        <test-method signature="landingPageNavigation()[pri:0, instance:Academy.ValidateTitle@72a85671]" started-at="2022-07-19T14:21:35 IST" name="landingPageNavigation" finished-at="2022-07-19T14:21:35 IST" duration-ms="427" status="FAIL">
          <exception class="java.lang.AssertionError">
            <message>
              <![CDATA[expected [FEATURED COURSES12] but found [FEATURED COURSES]]]>
            </message>
            <full-stacktrace>
              <![CDATA[java.lang.AssertionError: expected [FEATURED COURSES12] but found [FEATURED COURSES]
at org.testng.Assert.fail(Assert.java:110)
at org.testng.Assert.failNotEquals(Assert.java:1413)
at org.testng.Assert.assertEqualsImpl(Assert.java:149)
at org.testng.Assert.assertEquals(Assert.java:131)
at org.testng.Assert.assertEquals(Assert.java:655)
at org.testng.Assert.assertEquals(Assert.java:665)
at Academy.ValidateTitle.landingPageNavigation(ValidateTitle.java:34)
at java.base/jdk.internal.reflect.NativeMethodAccessorImpl.invoke0(Native Method)
at java.base/jdk.internal.reflect.NativeMethodAccessorImpl.invoke(NativeMethodAccessorImpl.java:77)
at java.base/jdk.internal.reflect.DelegatingMethodAccessorImpl.invoke(DelegatingMethodAccessorImpl.java:43)
at java.base/java.lang.reflect.Method.invoke(Method.java:568)
at org.testng.internal.invokers.MethodInvocationHelper.invokeMethod(MethodInvocationHelper.java:139)
at org.testng.internal.invokers.TestInvoker.invokeMethod(TestInvoker.java:677)
at org.testng.internal.invokers.TestInvoker.invokeTestMethod(TestInvoker.java:221)
at org.testng.internal.invokers.MethodRunner.runInSequence(MethodRunner.java:50)
at org.testng.internal.invokers.TestInvoker$MethodInvocationAgent.invoke(TestInvoker.java:962)
at org.testng.internal.invokers.TestInvoker.invokeTestMethods(TestInvoker.java:194)
at org.testng.internal.invokers.TestMethodWorker.invokeTestMethods(TestMethodWorker.java:148)
at org.testng.internal.invokers.TestMethodWorker.run(TestMethodWorker.java:128)
at java.base/java.util.ArrayList.forEach(ArrayList.java:1511)
at org.testng.TestRunner.privateRun(TestRunner.java:806)
at org.testng.TestRunner.run(TestRunner.java:601)
at org.testng.SuiteRunner.runTest(SuiteRunner.java:433)
at org.testng.SuiteRunner$SuiteWorker.run(SuiteRunner.java:471)
at org.testng.internal.thread.ThreadUtil.lambda$execute$0(ThreadUtil.java:58)
at java.base/java.util.concurrent.FutureTask.run(FutureTask.java:264)
at java.base/java.util.concurrent.ThreadPoolExecutor.runWorker(ThreadPoolExecutor.java:1136)
at java.base/java.util.concurrent.ThreadPoolExecutor$Worker.run(ThreadPoolExecutor.java:635)
at java.base/java.lang.Thread.run(Thread.java:833)
]]>
            </full-stacktrace>
          </exception> <!-- java.lang.AssertionError -->
          <reporter-output>
          </reporter-output>
        </test-method> <!-- landingPageNavigation -->
        <test-method is-config="true" signature="browserClose()[pri:0, instance:Academy.ValidateTitle@72a85671]" started-at="2022-07-19T14:21:36 IST" name="browserClose" finished-at="2022-07-19T14:21:36 IST" duration-ms="133" status="PASS">
          <reporter-output>
          </reporter-output>
        </test-method> <!-- browserClose -->
      </class> <!-- Academy.ValidateTitle -->
    </test> <!-- Validating title in the Page -->
    <test started-at="2022-07-19T14:20:55 IST" name="Validating navigation bar" finished-at="2022-07-19T14:21:42 IST" duration-ms="46997">
      <class name="Academy.ValidateNavigationBar">
        <test-method is-config="true" signature="initialize()[pri:0, instance:Academy.ValidateNavigationBar@5049d8b2]" started-at="2022-07-19T14:20:55 IST" name="initialize" finished-at="2022-07-19T14:21:41 IST" duration-ms="46851" status="PASS">
          <reporter-output>
          </reporter-output>
        </test-method> <!-- initialize -->
        <test-method signature="validateAppNavBar()[pri:0, instance:Academy.ValidateNavigationBar@5049d8b2]" started-at="2022-07-19T14:21:41 IST" name="validateAppNavBar" finished-at="2022-07-19T14:21:42 IST" duration-ms="47" status="PASS">
          <reporter-output>
          </reporter-output>
        </test-method> <!-- validateAppNavBar -->
        <test-method is-config="true" signature="teardown()[pri:0, instance:Academy.ValidateNavigationBar@5049d8b2]" started-at="2022-07-19T14:21:42 IST" name="teardown" finished-at="2022-07-19T14:21:42 IST" duration-ms="91" status="PASS">
          <reporter-output>
          </reporter-output>
        </test-method> <!-- teardown -->
      </class> <!-- Academy.ValidateNavigationBar -->
    </test> <!-- Validating navigation bar -->
    <test started-at="2022-07-19T14:20:55 IST" name="Validating User login" finished-at="2022-07-19T14:22:11 IST" duration-ms="75976">
      <class name="Academy.HomePage">
        <test-method is-config="true" signature="initialize()[pri:0, instance:Academy.HomePage@34a1d21f]" started-at="2022-07-19T14:20:55 IST" name="initialize" finished-at="2022-07-19T14:20:58 IST" duration-ms="3574" status="PASS">
          <reporter-output>
          </reporter-output>
        </test-method> <!-- initialize -->
        <test-method signature="homePageNavigation(java.lang.String,java.lang.String)[pri:0, instance:Academy.HomePage@34a1d21f]" started-at="2022-07-19T14:20:58 IST" name="homePageNavigation" data-provider="getData" finished-at="2022-07-19T14:21:42 IST" duration-ms="43574" status="PASS">
          <params>
            <param index="0">
              <value>
                <![CDATA[restricted@gmail.com]]>
              </value>
            </param>
            <param index="1">
              <value>
                <![CDATA[ABHCL]]>
              </value>
            </param>
          </params>
          <reporter-output>
          </reporter-output>
        </test-method> <!-- homePageNavigation -->
        <test-method signature="homePageNavigation(java.lang.String,java.lang.String)[pri:0, instance:Academy.HomePage@34a1d21f]" started-at="2022-07-19T14:21:42 IST" name="homePageNavigation" data-provider="getData" finished-at="2022-07-19T14:22:11 IST" duration-ms="28727" status="PASS">
          <params>
            <param index="0">
              <value>
                <![CDATA[nonrestricted@gmail.com]]>
              </value>
            </param>
            <param index="1">
              <value>
                <![CDATA[15876]]>
              </value>
            </param>
          </params>
          <reporter-output>
          </reporter-output>
        </test-method> <!-- homePageNavigation -->
        <test-method is-config="true" signature="browserClose()[pri:0, instance:Academy.HomePage@34a1d21f]" started-at="2022-07-19T14:22:11 IST" name="browserClose" finished-at="2022-07-19T14:22:11 IST" duration-ms="36" status="PASS">
          <reporter-output>
          </reporter-output>
        </test-method> <!-- browserClose -->
      </class> <!-- Academy.HomePage -->
    </test> <!-- Validating User login -->
  </suite> <!-- Suite -->
</testng-results>
